action: py37, msg: installpkg
cwd: /Users/seanpue/newerx/graphtransliterator
cmd: /Users/seanpue/newerx/graphtransliterator/.tox/py37/bin/python -m pip install --exists-action w .tox/.tmp/package/1/graphtransliterator-1.2.0.zip
Processing ./.tox/.tmp/package/1/graphtransliterator-1.2.0.zip
Requirement already satisfied: Click in ./.tox/py37/lib/python3.7/site-packages (from graphtransliterator==1.2.0) (8.0.1)
Requirement already satisfied: marshmallow in ./.tox/py37/lib/python3.7/site-packages (from graphtransliterator==1.2.0) (3.13.0)
Requirement already satisfied: pyyaml in ./.tox/py37/lib/python3.7/site-packages (from graphtransliterator==1.2.0) (5.4.1)
Requirement already satisfied: importlib-metadata in ./.tox/py37/lib/python3.7/site-packages (from Click->graphtransliterator==1.2.0) (4.6.3)
Requirement already satisfied: typing-extensions>=3.6.4 in ./.tox/py37/lib/python3.7/site-packages (from importlib-metadata->Click->graphtransliterator==1.2.0) (3.10.0.0)
Requirement already satisfied: zipp>=0.5 in ./.tox/py37/lib/python3.7/site-packages (from importlib-metadata->Click->graphtransliterator==1.2.0) (3.5.0)
Building wheels for collected packages: graphtransliterator
  Building wheel for graphtransliterator (setup.py): started
  Building wheel for graphtransliterator (setup.py): finished with status 'done'
  Created wheel for graphtransliterator: filename=graphtransliterator-1.2.0-py3-none-any.whl size=33345 sha256=5c7a689cc462eb9a8766e3a6568e40a1b540944301ed964c6988f54f0da1a79e
  Stored in directory: /Users/seanpue/Library/Caches/pip/wheels/e5/ec/f9/d74691aedc71d77e60a9a168e346cf95d975f940eef0bdaf14
Successfully built graphtransliterator
Installing collected packages: graphtransliterator
  Attempting uninstall: graphtransliterator
    Found existing installation: graphtransliterator 1.2.0
    Not uninstalling graphtransliterator at /Users/seanpue/newerx/graphtransliterator, outside environment /Users/seanpue/newerx/graphtransliterator/.tox/py37
    Can't uninstall 'graphtransliterator'. No files were found to uninstall.
Successfully installed graphtransliterator-1.2.0
