action: py37, msg: envreport
cwd: /Users/seanpue/newerx/graphtransliterator
cmd: /Users/seanpue/newerx/graphtransliterator/.tox/py37/bin/python -m pip freeze
alabaster==0.7.12
appnope==0.1.2
argon2-cffi==20.1.0
async-generator==1.10
attrs==21.2.0
Babel==2.9.1
backcall==0.2.0
backports.entry-points-selectable==1.1.0
bash_kernel==0.7.2
bleach==4.0.0
bump2version==1.0.1
bumpversion==0.6.0
certifi==2021.5.30
cffi==1.14.6
charset-normalizer==2.0.4
click==8.0.1
colorama==0.4.4
coverage==5.5
debugpy==1.4.1
decorator==5.0.9
defusedxml==0.7.1
distlib==0.3.2
docutils==0.17.1
entrypoints==0.3
filelock==3.0.12
flake8==3.9.2
graphtransliterator==1.2.0
idna==3.2
imagesize==1.2.0
importlib-metadata==4.6.3
iniconfig==1.1.1
ipykernel==6.0.3
ipython==7.26.0
ipython-genutils==0.2.0
ipywidgets==7.6.3
jedi==0.18.0
Jinja2==3.0.1
jsonschema==3.2.0
jupyter-client==6.1.12
jupyter-core==4.7.1
jupyter-sphinx==0.3.2
jupyterlab-pygments==0.1.2
jupyterlab-widgets==1.0.0
keyring==23.0.1
MarkupSafe==2.0.1
marshmallow==3.13.0
matplotlib-inline==0.1.2
mccabe==0.6.1
mistune==0.8.4
nbclient==0.5.3
nbconvert==6.1.0
nbformat==5.1.3
nest-asyncio==1.5.1
notebook==6.4.3
packaging==21.0
pandocfilters==1.4.3
parso==0.8.2
pexpect==4.8.0
pickleshare==0.7.5
pkginfo==1.7.1
platformdirs==2.2.0
pluggy==0.13.1
prometheus-client==0.11.0
prompt-toolkit==3.0.19
ptyprocess==0.7.0
py==1.10.0
pycodestyle==2.7.0
pycparser==2.20
pyflakes==2.3.1
Pygments==2.9.0
pyparsing==2.4.7
pyrsistent==0.18.0
pytest==6.2.4
pytest-runner==5.3.1
python-dateutil==2.8.2
pytz==2021.1
PyYAML==5.4.1
pyzmq==22.2.1
readme-renderer==29.0
requests==2.26.0
requests-toolbelt==0.9.1
rfc3986==1.5.0
Send2Trash==1.8.0
six==1.16.0
snowballstemmer==2.1.0
Sphinx==4.1.2
sphinx-issues==1.2.0
sphinxcontrib-applehelp==1.0.2
sphinxcontrib-devhelp==1.0.2
sphinxcontrib-htmlhelp==2.0.0
sphinxcontrib-jsmath==1.0.1
sphinxcontrib-qthelp==1.0.3
sphinxcontrib-serializinghtml==1.1.5
terminado==0.10.1
testpath==0.5.0
toml==0.10.2
tornado==6.1
tox==3.24.1
tqdm==4.62.0
traitlets==5.0.5
twine==3.4.2
typing-extensions==3.10.0.0
urllib3==1.26.6
virtualenv==20.7.2
watchdog==2.1.3
wcwidth==0.2.5
webencodings==0.5.1
widgetsnbextension==3.5.1
zipp==3.5.0
