action: py37, msg: getenv
cwd: /Users/seanpue/newerx/graphtransliterator
cmd: /Users/seanpue/newerx/graphtransliterator/.tox/py37/bin/python -m pip install -r/Users/seanpue/newerx/graphtransliterator/requirements_dev.txt
Collecting bash_kernel==0.7.2
  Using cached https://files.pythonhosted.org/packages/5e/17/5e059b2cd785f111b9b1be53ac27000dbbd66291e778f9acf59371a8c541/bash_kernel-0.7.2-py2.py3-none-any.whl
Collecting bumpversion==0.6.0
  Downloading https://files.pythonhosted.org/packages/4e/ff/93f0db7b3ca337e9f2a289980083e858775dfb3672b38052c6911b36ea66/bumpversion-0.6.0-py2.py3-none-any.whl
Collecting Click==8.0.1
  Downloading https://files.pythonhosted.org/packages/76/0a/b6c5f311e32aeb3b406e03c079ade51e905ea630fc19d1262a46249c1c86/click-8.0.1-py3-none-any.whl (97kB)
Collecting coverage==5.5
  Downloading https://files.pythonhosted.org/packages/52/44/5df49f3b462a0f5818a2f6f206d6523ff21ff9b21c1eb2906f8a31aa321c/coverage-5.5-cp37-cp37m-macosx_10_9_x86_64.whl (207kB)
Collecting flake8==3.9.2
  Downloading https://files.pythonhosted.org/packages/fc/80/35a0716e5d5101e643404dabd20f07f5528a21f3ef4032d31a49c913237b/flake8-3.9.2-py2.py3-none-any.whl (73kB)
Collecting jupyter_sphinx==0.3.2
  Using cached https://files.pythonhosted.org/packages/d5/39/71c0e8b0685381649df7916a661c50cd37200769892c5f1aab74bab1bbc1/jupyter_sphinx-0.3.2-py3-none-any.whl
Collecting marshmallow==3.13.0
  Downloading https://files.pythonhosted.org/packages/2b/fb/d42cbb318e07c4d709a3cb8d85a2ca75fbb373fc536cb0afd36039233f32/marshmallow-3.13.0-py2.py3-none-any.whl (47kB)
Collecting pip==21.2.3
  Downloading https://files.pythonhosted.org/packages/ca/bf/4133a0e05eac641ec270bbcef30512b5ad307d7838adb994acd652cc30e3/pip-21.2.3-py3-none-any.whl (1.6MB)
Collecting pytest-runner==5.3.1
  Downloading https://files.pythonhosted.org/packages/f4/f5/6605d73bf3f4c198915872111b10c4b3c2dccd8485f47b7290ceef037190/pytest_runner-5.3.1-py3-none-any.whl
Collecting pytest==6.2.4
  Downloading https://files.pythonhosted.org/packages/a1/59/6821e900592fbe261f19d67e4def0cb27e52ef8ed16d9922c144961cc1ee/pytest-6.2.4-py3-none-any.whl (280kB)
Collecting pyyaml==5.4.1
  Downloading https://files.pythonhosted.org/packages/6b/8c/674cc47282af12bd7f12eea6cc87d907ada593b15f5ba0b51638599500c9/PyYAML-5.4.1-cp37-cp37m-macosx_10_9_x86_64.whl (249kB)
Collecting sphinx-issues==1.2.0
  Using cached https://files.pythonhosted.org/packages/a2/cc/622a71c401b1abda6a1860ac4684e984846d1e597de24a72127ca99476d2/sphinx_issues-1.2.0-py2.py3-none-any.whl
Collecting tox==3.24.1
  Downloading https://files.pythonhosted.org/packages/84/f3/f85049313eaaabec338275e1d7b547230d70b42d6b56b66c85728c5603be/tox-3.24.1-py2.py3-none-any.whl (85kB)
Collecting Sphinx==4.1.2
  Downloading https://files.pythonhosted.org/packages/11/75/86ea47591cd6f8e1dc0d795f65799025f368f7a4647ce9a43320a62374d8/Sphinx-4.1.2-py3-none-any.whl (2.9MB)
Collecting twine==3.4.2
  Downloading https://files.pythonhosted.org/packages/1d/f7/27bff231e6339189ca72bc9e08336995d86f7b0f36e44a2615823905f743/twine-3.4.2-py3-none-any.whl
Collecting watchdog==2.1.3
  Downloading https://files.pythonhosted.org/packages/a4/49/7a61179530ba7d61ce77e643e2a9e0f55a5f9df25ce5d0484185f273f756/watchdog-2.1.3-cp37-cp37m-macosx_10_9_x86_64.whl (84kB)
Collecting wheel==0.37.0
  Downloading https://files.pythonhosted.org/packages/04/80/cad93b40262f5d09f6de82adbee452fd43cdff60830b56a74c5930f7e277/wheel-0.37.0-py2.py3-none-any.whl
Collecting pexpect>=4.0
  Using cached https://files.pythonhosted.org/packages/39/7b/88dbb785881c28a102619d46423cb853b46dbccc70d3ac362d99773a78ce/pexpect-4.8.0-py2.py3-none-any.whl
Collecting bump2version
  Downloading https://files.pythonhosted.org/packages/1d/e3/fa60c47d7c344533142eb3af0b73234ef8ea3fb2da742ab976b947e717df/bump2version-1.0.1-py2.py3-none-any.whl
Collecting importlib-metadata; python_version < "3.8"
  Downloading https://files.pythonhosted.org/packages/07/76/c4674c460f5ff4b5f7a962214e46295e20504dfde9fcba78fd728dfe2ac9/importlib_metadata-4.6.3-py3-none-any.whl
Collecting pycodestyle<2.8.0,>=2.7.0
  Downloading https://files.pythonhosted.org/packages/de/cc/227251b1471f129bc35e966bb0fceb005969023926d744139642d847b7ae/pycodestyle-2.7.0-py2.py3-none-any.whl (41kB)
Collecting mccabe<0.7.0,>=0.6.0
  Using cached https://files.pythonhosted.org/packages/87/89/479dc97e18549e21354893e4ee4ef36db1d237534982482c3681ee6e7b57/mccabe-0.6.1-py2.py3-none-any.whl
Collecting pyflakes<2.4.0,>=2.3.0
  Downloading https://files.pythonhosted.org/packages/6c/11/2a745612f1d3cbbd9c69ba14b1b43a35a2f5c3c81cd0124508c52c64307f/pyflakes-2.3.1-py2.py3-none-any.whl (68kB)
Collecting ipywidgets>=7.0.0
  Downloading https://files.pythonhosted.org/packages/11/53/084940a83a8158364e630a664a30b03068c25ab75243224d6b488800d43a/ipywidgets-7.6.3-py2.py3-none-any.whl (121kB)
Collecting nbconvert>=5.5
  Downloading https://files.pythonhosted.org/packages/fd/12/7b225ea00a5fe32df30b2c303dcc8c21c8db533ea7c0e38b4ac5a41bd8f0/nbconvert-6.1.0-py3-none-any.whl (551kB)
Collecting nbformat
  Using cached https://files.pythonhosted.org/packages/e7/c7/dd50978c637a7af8234909277c4e7ec1b71310c13fb3135f3c8f5b6e045f/nbformat-5.1.3-py3-none-any.whl
Collecting IPython
  Downloading https://files.pythonhosted.org/packages/25/a0/e0b850415984ac29f14775b075efc54d73b38f0d50c6ebdea7820ffb1c12/ipython-7.26.0-py3-none-any.whl (786kB)
Collecting attrs>=19.2.0
  Downloading https://files.pythonhosted.org/packages/20/a9/ba6f1cd1a1517ff022b35acd6a7e4246371dfab08b8e42b829b6d07913cc/attrs-21.2.0-py2.py3-none-any.whl (53kB)
Collecting packaging
  Downloading https://files.pythonhosted.org/packages/3c/77/e2362b676dc5008d81be423070dd9577fa03be5da2ba1105811900fda546/packaging-21.0-py3-none-any.whl (40kB)
Collecting py>=1.8.2
  Downloading https://files.pythonhosted.org/packages/67/32/6fe01cfc3d1a27c92fdbcdfc3f67856da8cbadf0dd9f2e18055202b2dc62/py-1.10.0-py2.py3-none-any.whl (97kB)
Collecting toml
  Downloading https://files.pythonhosted.org/packages/44/6f/7120676b6d73228c96e17f1f794d8ab046fc910d781c8d151120c3f1569e/toml-0.10.2-py2.py3-none-any.whl
Collecting iniconfig
  Downloading https://files.pythonhosted.org/packages/9b/dd/b3c12c6d707058fa947864b67f0c4e0c39ef8610988d7baea9578f3c48f3/iniconfig-1.1.1-py2.py3-none-any.whl
Collecting pluggy<1.0.0a1,>=0.12
  Using cached https://files.pythonhosted.org/packages/a0/28/85c7aa31b80d150b772fbe4a229487bc6644da9ccb7e427dd8cc60cb8a62/pluggy-0.13.1-py2.py3-none-any.whl
Collecting virtualenv!=20.0.0,!=20.0.1,!=20.0.2,!=20.0.3,!=20.0.4,!=20.0.5,!=20.0.6,!=20.0.7,>=16.0.0
  Downloading https://files.pythonhosted.org/packages/ab/9f/a0d49dcde93f27125f011f8ce60f86840bc69c95695ed8ed2d77adb2cb8c/virtualenv-20.7.2-py2.py3-none-any.whl (5.3MB)
Collecting filelock>=3.0.0
  Using cached https://files.pythonhosted.org/packages/93/83/71a2ee6158bb9f39a90c0dea1637f81d5eef866e188e1971a1b1ab01a35a/filelock-3.0.12-py3-none-any.whl
Collecting six>=1.14.0
  Downloading https://files.pythonhosted.org/packages/d9/5a/e7c31adbe875f2abbb91bd84cf2dc52d792b5a01506781dbcf25c91daf11/six-1.16.0-py2.py3-none-any.whl
Collecting sphinxcontrib-serializinghtml>=1.1.5
  Using cached https://files.pythonhosted.org/packages/c6/77/5464ec50dd0f1c1037e3c93249b040c8fc8078fdda97530eeb02424b6eea/sphinxcontrib_serializinghtml-1.1.5-py2.py3-none-any.whl
Collecting babel>=1.3
  Downloading https://files.pythonhosted.org/packages/aa/96/4ba93c5f40459dc850d25f9ba93f869a623e77aaecc7a9344e19c01942cf/Babel-2.9.1-py2.py3-none-any.whl (8.8MB)
Collecting sphinxcontrib-htmlhelp>=2.0.0
  Using cached https://files.pythonhosted.org/packages/63/40/c854ef09500e25f6432dcbad0f37df87fd7046d376272292d8654cc71c95/sphinxcontrib_htmlhelp-2.0.0-py2.py3-none-any.whl
Collecting Pygments>=2.0
  Downloading https://files.pythonhosted.org/packages/a6/c9/be11fce9810793676017f79ffab3c6cb18575844a6c7b8d4ed92f95de604/Pygments-2.9.0-py3-none-any.whl (1.0MB)
Collecting alabaster<0.8,>=0.7
  Using cached https://files.pythonhosted.org/packages/10/ad/00b090d23a222943eb0eda509720a404f531a439e803f6538f35136cae9e/alabaster-0.7.12-py2.py3-none-any.whl
Collecting imagesize
  Using cached https://files.pythonhosted.org/packages/31/b2/b5522a0c8d11e4aff83f8342f3f0dea68c2fb25aa44403e420587f0ce204/imagesize-1.2.0-py2.py3-none-any.whl
Collecting requests>=2.5.0
  Downloading https://files.pythonhosted.org/packages/92/96/144f70b972a9c0eabbd4391ef93ccd49d0f2747f4f6a2a2738e99e5adc65/requests-2.26.0-py2.py3-none-any.whl (62kB)
Requirement already satisfied: setuptools in ./.tox/py37/lib/python3.7/site-packages (from Sphinx==4.1.2->-r /Users/seanpue/newerx/graphtransliterator/requirements_dev.txt (line 14)) (41.6.0)
Collecting snowballstemmer>=1.1
  Downloading https://files.pythonhosted.org/packages/f6/6e/7e07970c90a57c21da92013c5ba47f8e9598c17e88cc35b008ca61225ed3/snowballstemmer-2.1.0-py2.py3-none-any.whl (93kB)
Collecting sphinxcontrib-devhelp
  Using cached https://files.pythonhosted.org/packages/c5/09/5de5ed43a521387f18bdf5f5af31d099605c992fd25372b2b9b825ce48ee/sphinxcontrib_devhelp-1.0.2-py2.py3-none-any.whl
Collecting Jinja2>=2.3
  Downloading https://files.pythonhosted.org/packages/80/21/ae597efc7ed8caaa43fb35062288baaf99a7d43ff0cf66452ddf47604ee6/Jinja2-3.0.1-py3-none-any.whl (133kB)
Collecting sphinxcontrib-jsmath
  Using cached https://files.pythonhosted.org/packages/c2/42/4c8646762ee83602e3fb3fbe774c2fac12f317deb0b5dbeeedd2d3ba4b77/sphinxcontrib_jsmath-1.0.1-py2.py3-none-any.whl
Collecting docutils<0.18,>=0.14
  Downloading https://files.pythonhosted.org/packages/4c/5e/6003a0d1f37725ec2ebd4046b657abb9372202655f96e76795dca8c0063c/docutils-0.17.1-py2.py3-none-any.whl (575kB)
Collecting sphinxcontrib-qthelp
  Using cached https://files.pythonhosted.org/packages/2b/14/05f9206cf4e9cfca1afb5fd224c7cd434dcc3a433d6d9e4e0264d29c6cdb/sphinxcontrib_qthelp-1.0.3-py2.py3-none-any.whl
Collecting sphinxcontrib-applehelp
  Using cached https://files.pythonhosted.org/packages/dc/47/86022665a9433d89a66f5911b558ddff69861766807ba685de2e324bd6ed/sphinxcontrib_applehelp-1.0.2-py2.py3-none-any.whl
Collecting tqdm>=4.14
  Downloading https://files.pythonhosted.org/packages/0b/e8/d6f4db0886dbba2fc87b5314f2d5127acdc782e4b51e6f86972a2e45ffd6/tqdm-4.62.0-py2.py3-none-any.whl (76kB)
Collecting colorama>=0.4.3
  Using cached https://files.pythonhosted.org/packages/44/98/5b86278fbbf250d239ae0ecb724f8572af1c91f4a11edf4d36a206189440/colorama-0.4.4-py2.py3-none-any.whl
Collecting rfc3986>=1.4.0
  Downloading https://files.pythonhosted.org/packages/c4/e5/63ca2c4edf4e00657584608bee1001302bbf8c5f569340b78304f2f446cb/rfc3986-1.5.0-py2.py3-none-any.whl
Collecting keyring>=15.1
  Downloading https://files.pythonhosted.org/packages/26/f9/41230ac47f738f1ba66676dc8d3b30ca5b1f9eb0230fc204bcd9836c4ae9/keyring-23.0.1-py3-none-any.whl
Collecting requests-toolbelt!=0.9.0,>=0.8.0
  Using cached https://files.pythonhosted.org/packages/60/ef/7681134338fc097acef8d9b2f8abe0458e4d87559c689a8c306d0957ece5/requests_toolbelt-0.9.1-py2.py3-none-any.whl
Collecting readme-renderer>=21.0
  Downloading https://files.pythonhosted.org/packages/39/a5/459adfa22ea237f6e8d0fa95ad29d7369579a5eec26f016ab34bb7f8359c/readme_renderer-29.0-py2.py3-none-any.whl
Collecting pkginfo>=1.4.2
  Downloading https://files.pythonhosted.org/packages/77/83/1ef010f7c4563e218854809c0dff9548de65ebec930921dedf6ee5981f27/pkginfo-1.7.1-py2.py3-none-any.whl
Collecting ptyprocess>=0.5
  Downloading https://files.pythonhosted.org/packages/22/a6/858897256d0deac81a172289110f31629fc4cee19b6f01283303e18c8db3/ptyprocess-0.7.0-py2.py3-none-any.whl
Collecting typing-extensions>=3.6.4; python_version < "3.8"
  Downloading https://files.pythonhosted.org/packages/2e/35/6c4fff5ab443b57116cb1aad46421fb719bed2825664e8fe77d66d99bcbc/typing_extensions-3.10.0.0-py3-none-any.whl
Collecting zipp>=0.5
  Using cached https://files.pythonhosted.org/packages/92/d9/89f433969fb8dc5b9cbdd4b4deb587720ec1aeb59a020cf15002b9593eef/zipp-3.5.0-py3-none-any.whl
Collecting widgetsnbextension~=3.5.0
  Using cached https://files.pythonhosted.org/packages/6c/7b/7ac231c20d2d33c445eaacf8a433f4e22c60677eb9776c7c5262d7ddee2d/widgetsnbextension-3.5.1-py2.py3-none-any.whl
Collecting jupyterlab-widgets>=1.0.0; python_version >= "3.6"
  Downloading https://files.pythonhosted.org/packages/18/b5/3473d275e3b2359efdf5768e9df95537308b93a31ad94fa92814ac565826/jupyterlab_widgets-1.0.0-py3-none-any.whl (243kB)
Collecting traitlets>=4.3.1
  Downloading https://files.pythonhosted.org/packages/f6/7d/3ecb0ebd0ce8dcdfa7bd47ab85c1d4a521e6770ef283d0824f5804994dfe/traitlets-5.0.5-py3-none-any.whl (100kB)
Collecting ipykernel>=4.5.1
  Downloading https://files.pythonhosted.org/packages/7a/68/7ceb725fabfb80a1683adc2915cdc26fa06b0b39f38825a70982e5a59126/ipykernel-6.0.3-py3-none-any.whl (122kB)
Collecting entrypoints>=0.2.2
  Using cached https://files.pythonhosted.org/packages/ac/c6/44694103f8c221443ee6b0041f69e2740d89a25641e62fb4f2ee568f2f9c/entrypoints-0.3-py2.py3-none-any.whl
Collecting pandocfilters>=1.4.1
  Downloading https://files.pythonhosted.org/packages/28/78/bd59a9adb72fa139b1c9c186e6f65aebee52375a747e4b6a6dcf0880956f/pandocfilters-1.4.3.tar.gz
Collecting mistune<2,>=0.8.1
  Using cached https://files.pythonhosted.org/packages/09/ec/4b43dae793655b7d8a25f76119624350b4d65eb663459eb9603d7f1f0345/mistune-0.8.4-py2.py3-none-any.whl
Collecting nbclient<0.6.0,>=0.5.0
  Using cached https://files.pythonhosted.org/packages/22/a6/f3a01a5c1a0e72d1d064f33d4cd9c3a782010f48f48f47f256d0b438994a/nbclient-0.5.3-py3-none-any.whl
Collecting defusedxml
  Downloading https://files.pythonhosted.org/packages/07/6c/aa3f2f849e01cb6a001cd8554a88d4c77c5c1a31c95bdf1cf9301e6d9ef4/defusedxml-0.7.1-py2.py3-none-any.whl
Collecting bleach
  Downloading https://files.pythonhosted.org/packages/b6/23/d06c0bddcef0df58dd2c9ac02f8639533a6671bed0ef3e236888bb3b0a3c/bleach-4.0.0-py2.py3-none-any.whl (146kB)
Collecting jupyterlab-pygments
  Downloading https://files.pythonhosted.org/packages/a8/6f/c34288766797193b512c6508f5994b830fb06134fdc4ca8214daba0aa443/jupyterlab_pygments-0.1.2-py2.py3-none-any.whl
Collecting jupyter-core
  Downloading https://files.pythonhosted.org/packages/53/40/5af36bffa0af3ac71d3a6fc6709de10e4f6ff7c01745b8bc4715372189c9/jupyter_core-4.7.1-py3-none-any.whl (82kB)
Collecting testpath
  Downloading https://files.pythonhosted.org/packages/ac/87/5422f6d056bfbded920ccf380a65de3713a3b95a95ba2255be2a3fb4f464/testpath-0.5.0-py3-none-any.whl (84kB)
Collecting ipython-genutils
  Using cached https://files.pythonhosted.org/packages/fa/bc/9bd3b5c2b4774d5f33b2d544f1460be9df7df2fe42f352135381c347c69a/ipython_genutils-0.2.0-py2.py3-none-any.whl
Collecting jsonschema!=2.5.0,>=2.4
  Using cached https://files.pythonhosted.org/packages/c5/8f/51e89ce52a085483359217bc72cdbf6e75ee595d5b1d4b5ade40c7e018b8/jsonschema-3.2.0-py2.py3-none-any.whl
Collecting appnope; sys_platform == "darwin"
  Downloading https://files.pythonhosted.org/packages/e4/fa/0c6c9786aa6927d12d100d322588e125e6ed466ab0a3d2d509ea18aeb56d/appnope-0.1.2-py2.py3-none-any.whl
Collecting matplotlib-inline
  Downloading https://files.pythonhosted.org/packages/7f/de/6c111d687335729cf8c156394c8d119b0dc3c34b6966ff2a2f7fe4aa79cf/matplotlib_inline-0.1.2-py3-none-any.whl
Collecting pickleshare
  Using cached https://files.pythonhosted.org/packages/9a/41/220f49aaea88bc6fa6cba8d05ecf24676326156c23b991e80b3f2fc24c77/pickleshare-0.7.5-py2.py3-none-any.whl
Collecting decorator
  Downloading https://files.pythonhosted.org/packages/6a/36/b1b9bfdf28690ae01d9ca0aa5b0d07cb4448ac65fb91dc7e2d094e3d992f/decorator-5.0.9-py3-none-any.whl
Collecting jedi>=0.16
  Downloading https://files.pythonhosted.org/packages/f9/36/7aa67ae2663025b49e8426ead0bad983fee1b73f472536e9790655da0277/jedi-0.18.0-py2.py3-none-any.whl (1.4MB)
Collecting prompt-toolkit!=3.0.0,!=3.0.1,<3.1.0,>=2.0.0
  Downloading https://files.pythonhosted.org/packages/1e/34/1d9880ac1339ad4c6697b330e7a507584105613751318249d9e820faa25f/prompt_toolkit-3.0.19-py3-none-any.whl (368kB)
Collecting backcall
  Downloading https://files.pythonhosted.org/packages/4c/1c/ff6546b6c12603d8dd1070aa3c3d273ad4c07f5771689a7b69a550e8c951/backcall-0.2.0-py2.py3-none-any.whl
Collecting pyparsing>=2.0.2
  Using cached https://files.pythonhosted.org/packages/8a/bb/488841f56197b13700afd5658fc279a2025a39e22449b7cf29864669b15d/pyparsing-2.4.7-py2.py3-none-any.whl
Collecting platformdirs<3,>=2
  Downloading https://files.pythonhosted.org/packages/a5/a6/45f6d6b848d7ac273f261b35ed048ea8f301d2ec0594fbcf7616b4012f45/platformdirs-2.2.0-py3-none-any.whl
Collecting backports.entry-points-selectable>=1.0.4
  Downloading https://files.pythonhosted.org/packages/0c/cd/1e156227cad9f599524eb10af62a2362f872910a49402dbd2bea2dedc91c/backports.entry_points_selectable-1.1.0-py2.py3-none-any.whl
Collecting distlib<1,>=0.3.1
  Downloading https://files.pythonhosted.org/packages/87/26/f6a23dd3e578132cf924e0dd5d4e055af0cd4ab43e2a9f10b7568bfb39d9/distlib-0.3.2-py2.py3-none-any.whl (338kB)
Collecting pytz>=2015.7
  Downloading https://files.pythonhosted.org/packages/70/94/784178ca5dd892a98f113cdd923372024dc04b8d40abe77ca76b5fb90ca6/pytz-2021.1-py2.py3-none-any.whl (510kB)
Collecting charset-normalizer~=2.0.0; python_version >= "3"
  Downloading https://files.pythonhosted.org/packages/33/53/b7f6126a2b9fd878b025fe3c40266cfaad696f312165008ce045bffa3fe7/charset_normalizer-2.0.4-py3-none-any.whl
Collecting urllib3<1.27,>=1.21.1
  Downloading https://files.pythonhosted.org/packages/5f/64/43575537846896abac0b15c3e5ac678d787a4021e906703f1766bfb8ea11/urllib3-1.26.6-py2.py3-none-any.whl (138kB)
Collecting idna<4,>=2.5; python_version >= "3"
  Downloading https://files.pythonhosted.org/packages/d7/77/ff688d1504cdc4db2a938e2b7b9adee5dd52e34efbd2431051efc9984de9/idna-3.2-py3-none-any.whl (59kB)
Collecting certifi>=2017.4.17
  Downloading https://files.pythonhosted.org/packages/05/1b/0a0dece0e8aa492a6ec9e4ad2fe366b511558cdc73fd3abc82ba7348e875/certifi-2021.5.30-py2.py3-none-any.whl (145kB)
Collecting MarkupSafe>=2.0
  Downloading https://files.pythonhosted.org/packages/75/90/b780381ddf38e2afd07a04746b5d3158a085464f7c757fc62cd198aa5379/MarkupSafe-2.0.1-cp37-cp37m-macosx_10_9_x86_64.whl
Collecting notebook>=4.4.1
  Downloading https://files.pythonhosted.org/packages/3c/0e/9883ebfa204c7328fab473e04bda8066b00960fadc6698972afa62ddf0ce/notebook-6.4.3-py3-none-any.whl (9.9MB)
Collecting debugpy<2.0,>=1.0.0
  Downloading https://files.pythonhosted.org/packages/e1/4f/4c9d554d776311ad6180a9de0d6b16c2d8225fb4280651f5e25b5d03d564/debugpy-1.4.1-cp37-cp37m-macosx_10_14_x86_64.whl (4.4MB)
Collecting jupyter-client<7.0
  Downloading https://files.pythonhosted.org/packages/77/e8/c3cf72a32a697256608d5fa96360c431adec6e1c6709ba7f13f99ff5ee04/jupyter_client-6.1.12-py3-none-any.whl (112kB)
Collecting tornado<7.0,>=4.2
  Using cached https://files.pythonhosted.org/packages/94/7b/08b0411898512b0f2b9d4f2c2a53749e7396176bdcf0a92812353d015420/tornado-6.1-cp37-cp37m-macosx_10_9_x86_64.whl
Collecting async-generator
  Downloading https://files.pythonhosted.org/packages/71/52/39d20e03abd0ac9159c162ec24b93fbcaa111e8400308f2465432495ca2b/async_generator-1.10-py3-none-any.whl
Collecting nest-asyncio
  Using cached https://files.pythonhosted.org/packages/52/e2/9b37da54e6e9094d2f558ae643d1954a0fa8215dfee4fa261f31c5439796/nest_asyncio-1.5.1-py3-none-any.whl
Collecting webencodings
  Using cached https://files.pythonhosted.org/packages/f4/24/2a3e3df732393fed8b3ebf2ec078f05546de641fe1b667ee316ec1dcf3b7/webencodings-0.5.1-py2.py3-none-any.whl
Collecting pyrsistent>=0.14.0
  Downloading https://files.pythonhosted.org/packages/d4/63/5ef75e0e19154787bee90b0bf1567237e67c56e1d6b8ea117829a3f7c6a9/pyrsistent-0.18.0-cp37-cp37m-macosx_10_9_x86_64.whl (68kB)
Collecting parso<0.9.0,>=0.8.0
  Downloading https://files.pythonhosted.org/packages/a9/c4/d5476373088c120ffed82f34c74b266ccae31a68d665b837354d4d8dc8be/parso-0.8.2-py2.py3-none-any.whl (94kB)
Collecting wcwidth
  Downloading https://files.pythonhosted.org/packages/59/7c/e39aca596badaf1b78e8f547c807b04dae603a433d3e7a7e04d67f2ef3e5/wcwidth-0.2.5-py2.py3-none-any.whl
Collecting Send2Trash>=1.5.0
  Downloading https://files.pythonhosted.org/packages/47/26/3435896d757335ea53dce5abf8d658ca80757a7a06258451b358f10232be/Send2Trash-1.8.0-py3-none-any.whl
Collecting prometheus-client
  Downloading https://files.pythonhosted.org/packages/09/da/4e8471ff825769581593b5b84769d32f58e5373b59fccaf355d3529ad530/prometheus_client-0.11.0-py2.py3-none-any.whl (56kB)
Collecting pyzmq>=17
  Downloading https://files.pythonhosted.org/packages/a7/9a/b304d670b1a680a7cb224a7ff7f83b777cac99e9316f57c9a13ec28d697c/pyzmq-22.2.1-cp37-cp37m-macosx_10_9_x86_64.whl (1.3MB)
Collecting argon2-cffi
  Downloading https://files.pythonhosted.org/packages/7e/9e/286ba05f5ed9250746f562c6468e83895fa0eec0d91131c3ff701d9b6c8f/argon2_cffi-20.1.0-cp37-abi3-macosx_10_6_intel.whl (65kB)
Collecting terminado>=0.8.3
  Downloading https://files.pythonhosted.org/packages/7c/07/fa3d6f4c30838acd46a642283a69a5d0498b692c6f42f20d79f64ec63a80/terminado-0.10.1-py3-none-any.whl
Collecting python-dateutil>=2.1
  Downloading https://files.pythonhosted.org/packages/36/7a/87837f39d0296e723bb9b62bbb257d0355c7f6128853c78955f57342a56d/python_dateutil-2.8.2-py2.py3-none-any.whl (247kB)
Collecting cffi>=1.0.0
  Downloading https://files.pythonhosted.org/packages/a2/4e/6225779f1ccb7916cd6c640ca4dbe6e0ce1452952bb822d66d5e875a6f53/cffi-1.14.6-cp37-cp37m-macosx_10_9_x86_64.whl (176kB)
Collecting pycparser
  Downloading https://files.pythonhosted.org/packages/ae/e7/d9c3a176ca4b02024debf82342dab36efadfc5776f9c8db077e8f6e71821/pycparser-2.20-py2.py3-none-any.whl (112kB)
Building wheels for collected packages: pandocfilters
  Building wheel for pandocfilters (setup.py): started
  Building wheel for pandocfilters (setup.py): finished with status 'done'
  Created wheel for pandocfilters: filename=pandocfilters-1.4.3-cp37-none-any.whl size=7991 sha256=d5f3da92bdfece0818ce96e5a806142fc332e069f2769061e970756146d55441
  Stored in directory: /Users/seanpue/Library/Caches/pip/wheels/93/9a/79/b2c3567908fd6209e4674ca23d9fcf005aae5fe89148913727
Successfully built pandocfilters
ERROR: ipykernel 6.0.3 has requirement importlib-metadata<4; python_version < "3.8.0", but you'll have importlib-metadata 4.6.3 which is incompatible.
Installing collected packages: ptyprocess, pexpect, bash-kernel, bump2version, bumpversion, typing-extensions, zipp, importlib-metadata, Click, coverage, pycodestyle, mccabe, pyflakes, flake8, ipython-genutils, traitlets, attrs, six, pyrsistent, jsonschema, jupyter-core, nbformat, debugpy, tornado, python-dateutil, pyzmq, jupyter-client, matplotlib-inline, appnope, pickleshare, decorator, parso, jedi, wcwidth, prompt-toolkit, backcall, Pygments, IPython, ipykernel, MarkupSafe, Jinja2, entrypoints, pandocfilters, mistune, async-generator, nest-asyncio, nbclient, defusedxml, pyparsing, packaging, webencodings, bleach, jupyterlab-pygments, testpath, nbconvert, Send2Trash, prometheus-client, pycparser, cffi, argon2-cffi, terminado, notebook, widgetsnbextension, jupyterlab-widgets, ipywidgets, sphinxcontrib-serializinghtml, pytz, babel, sphinxcontrib-htmlhelp, alabaster, imagesize, charset-normalizer, urllib3, idna, certifi, requests, snowballstemmer, sphinxcontrib-devhelp, sphinxcontrib-jsmath, docutils, sphinxcontrib-qthelp, sphinxcontrib-applehelp, Sphinx, jupyter-sphinx, marshmallow, pip, pytest-runner, py, toml, iniconfig, pluggy, pytest, pyyaml, sphinx-issues, platformdirs, filelock, backports.entry-points-selectable, distlib, virtualenv, tox, tqdm, colorama, rfc3986, keyring, requests-toolbelt, readme-renderer, pkginfo, twine, watchdog, wheel
  Found existing installation: pip 19.3.1
    Uninstalling pip-19.3.1:
      Successfully uninstalled pip-19.3.1
  Found existing installation: wheel 0.33.6
    Uninstalling wheel-0.33.6:
      Successfully uninstalled wheel-0.33.6
Successfully installed Click-8.0.1 IPython-7.26.0 Jinja2-3.0.1 MarkupSafe-2.0.1 Pygments-2.9.0 Send2Trash-1.8.0 Sphinx-4.1.2 alabaster-0.7.12 appnope-0.1.2 argon2-cffi-20.1.0 async-generator-1.10 attrs-21.2.0 babel-2.9.1 backcall-0.2.0 backports.entry-points-selectable-1.1.0 bash-kernel-0.7.2 bleach-4.0.0 bump2version-1.0.1 bumpversion-0.6.0 certifi-2021.5.30 cffi-1.14.6 charset-normalizer-2.0.4 colorama-0.4.4 coverage-5.5 debugpy-1.4.1 decorator-5.0.9 defusedxml-0.7.1 distlib-0.3.2 docutils-0.17.1 entrypoints-0.3 filelock-3.0.12 flake8-3.9.2 idna-3.2 imagesize-1.2.0 importlib-metadata-4.6.3 iniconfig-1.1.1 ipykernel-6.0.3 ipython-genutils-0.2.0 ipywidgets-7.6.3 jedi-0.18.0 jsonschema-3.2.0 jupyter-client-6.1.12 jupyter-core-4.7.1 jupyter-sphinx-0.3.2 jupyterlab-pygments-0.1.2 jupyterlab-widgets-1.0.0 keyring-23.0.1 marshmallow-3.13.0 matplotlib-inline-0.1.2 mccabe-0.6.1 mistune-0.8.4 nbclient-0.5.3 nbconvert-6.1.0 nbformat-5.1.3 nest-asyncio-1.5.1 notebook-6.4.3 packaging-21.0 pandocfilters-1.4.3 parso-0.8.2 pexpect-4.8.0 pickleshare-0.7.5 pip-21.2.3 pkginfo-1.7.1 platformdirs-2.2.0 pluggy-0.13.1 prometheus-client-0.11.0 prompt-toolkit-3.0.19 ptyprocess-0.7.0 py-1.10.0 pycodestyle-2.7.0 pycparser-2.20 pyflakes-2.3.1 pyparsing-2.4.7 pyrsistent-0.18.0 pytest-6.2.4 pytest-runner-5.3.1 python-dateutil-2.8.2 pytz-2021.1 pyyaml-5.4.1 pyzmq-22.2.1 readme-renderer-29.0 requests-2.26.0 requests-toolbelt-0.9.1 rfc3986-1.5.0 six-1.16.0 snowballstemmer-2.1.0 sphinx-issues-1.2.0 sphinxcontrib-applehelp-1.0.2 sphinxcontrib-devhelp-1.0.2 sphinxcontrib-htmlhelp-2.0.0 sphinxcontrib-jsmath-1.0.1 sphinxcontrib-qthelp-1.0.3 sphinxcontrib-serializinghtml-1.1.5 terminado-0.10.1 testpath-0.5.0 toml-0.10.2 tornado-6.1 tox-3.24.1 tqdm-4.62.0 traitlets-5.0.5 twine-3.4.2 typing-extensions-3.10.0.0 urllib3-1.26.6 virtualenv-20.7.2 watchdog-2.1.3 wcwidth-0.2.5 webencodings-0.5.1 wheel-0.37.0 widgetsnbextension-3.5.1 zipp-3.5.0
