action: flake8, msg: installpkg
cwd: /Users/seanpue/newerx/graphtransliterator
cmd: /Users/seanpue/newerx/graphtransliterator/.tox/flake8/bin/python -m pip install --exists-action w .tox/.tmp/package/1/graphtransliterator-1.2.0.zip
Processing ./.tox/.tmp/package/1/graphtransliterator-1.2.0.zip
Collecting Click
  Using cached https://files.pythonhosted.org/packages/76/0a/b6c5f311e32aeb3b406e03c079ade51e905ea630fc19d1262a46249c1c86/click-8.0.1-py3-none-any.whl
Collecting marshmallow
  Using cached https://files.pythonhosted.org/packages/2b/fb/d42cbb318e07c4d709a3cb8d85a2ca75fbb373fc536cb0afd36039233f32/marshmallow-3.13.0-py2.py3-none-any.whl
Collecting pyyaml
  Using cached https://files.pythonhosted.org/packages/6b/8c/674cc47282af12bd7f12eea6cc87d907ada593b15f5ba0b51638599500c9/PyYAML-5.4.1-cp37-cp37m-macosx_10_9_x86_64.whl
Requirement already satisfied: importlib-metadata; python_version < "3.8" in ./.tox/flake8/lib/python3.7/site-packages (from Click->graphtransliterator==1.2.0) (4.6.3)
Requirement already satisfied: typing-extensions>=3.6.4; python_version < "3.8" in ./.tox/flake8/lib/python3.7/site-packages (from importlib-metadata; python_version < "3.8"->Click->graphtransliterator==1.2.0) (3.10.0.0)
Requirement already satisfied: zipp>=0.5 in ./.tox/flake8/lib/python3.7/site-packages (from importlib-metadata; python_version < "3.8"->Click->graphtransliterator==1.2.0) (3.5.0)
Building wheels for collected packages: graphtransliterator
  Building wheel for graphtransliterator (setup.py): started
  Building wheel for graphtransliterator (setup.py): finished with status 'done'
  Created wheel for graphtransliterator: filename=graphtransliterator-1.2.0-cp37-none-any.whl size=33346 sha256=2044360b32b1afac4c1600ca92a176734fa6b1f3f1abc8dad6761bd10cefa1c7
  Stored in directory: /Users/seanpue/Library/Caches/pip/wheels/50/a2/83/2b73f8cd001fdeaf967dce5d4fdc9f31f3c068308a3f79674b
Successfully built graphtransliterator
Installing collected packages: Click, marshmallow, pyyaml, graphtransliterator
  Found existing installation: graphtransliterator 1.2.0
    Not uninstalling graphtransliterator at /Users/seanpue/newerx/graphtransliterator, outside environment /Users/seanpue/newerx/graphtransliterator/.tox/flake8
    Can't uninstall 'graphtransliterator'. No files were found to uninstall.
Successfully installed Click-8.0.1 graphtransliterator-1.2.0 marshmallow-3.13.0 pyyaml-5.4.1
WARNING: You are using pip version 19.3.1; however, version 21.2.3 is available.
You should consider upgrading via the 'pip install --upgrade pip' command.
