action: flake8, msg: getenv
cwd: /Users/seanpue/newerx/graphtransliterator
cmd: /Users/seanpue/newerx/graphtransliterator/.tox/flake8/bin/python -m pip install flake8
Collecting flake8
  Using cached https://files.pythonhosted.org/packages/fc/80/35a0716e5d5101e643404dabd20f07f5528a21f3ef4032d31a49c913237b/flake8-3.9.2-py2.py3-none-any.whl
Collecting pycodestyle<2.8.0,>=2.7.0
  Using cached https://files.pythonhosted.org/packages/de/cc/227251b1471f129bc35e966bb0fceb005969023926d744139642d847b7ae/pycodestyle-2.7.0-py2.py3-none-any.whl
Collecting importlib-metadata; python_version < "3.8"
  Using cached https://files.pythonhosted.org/packages/07/76/c4674c460f5ff4b5f7a962214e46295e20504dfde9fcba78fd728dfe2ac9/importlib_metadata-4.6.3-py3-none-any.whl
Collecting mccabe<0.7.0,>=0.6.0
  Using cached https://files.pythonhosted.org/packages/87/89/479dc97e18549e21354893e4ee4ef36db1d237534982482c3681ee6e7b57/mccabe-0.6.1-py2.py3-none-any.whl
Collecting pyflakes<2.4.0,>=2.3.0
  Using cached https://files.pythonhosted.org/packages/6c/11/2a745612f1d3cbbd9c69ba14b1b43a35a2f5c3c81cd0124508c52c64307f/pyflakes-2.3.1-py2.py3-none-any.whl
Collecting typing-extensions>=3.6.4; python_version < "3.8"
  Using cached https://files.pythonhosted.org/packages/2e/35/6c4fff5ab443b57116cb1aad46421fb719bed2825664e8fe77d66d99bcbc/typing_extensions-3.10.0.0-py3-none-any.whl
Collecting zipp>=0.5
  Using cached https://files.pythonhosted.org/packages/92/d9/89f433969fb8dc5b9cbdd4b4deb587720ec1aeb59a020cf15002b9593eef/zipp-3.5.0-py3-none-any.whl
Installing collected packages: pycodestyle, typing-extensions, zipp, importlib-metadata, mccabe, pyflakes, flake8
Successfully installed flake8-3.9.2 importlib-metadata-4.6.3 mccabe-0.6.1 pycodestyle-2.7.0 pyflakes-2.3.1 typing-extensions-3.10.0.0 zipp-3.5.0
WARNING: You are using pip version 19.3.1; however, version 21.2.3 is available.
You should consider upgrading via the 'pip install --upgrade pip' command.
